{
  "job_id": "c2bb24e4-713f-48b7-900b-e713d737e3eb",
  "project_id": "test-proj",
  "status": "failed",
  "created_at": "2026-02-20T05:47:45.944364",
  "updated_at": "2026-02-20T05:47:45.946224",
  "started_at": "2026-02-20T05:47:45.944383",
  "finished_at": "2026-02-20T05:47:45.946218",
  "error": "2 chapter(s) failed, 2 chapter(s) remaining.",
  "progress": {
    "total": 2,
    "written": [],
    "remaining": [
      1,
      2
    ],
    "failed": [
      {
        "number": 1,
        "error": "Project test-proj not found"
      },
      {
        "number": 2,
        "error": "Project test-proj not found"
      }
    ],
    "quick_mode": false
  },
  "events": [
    {
      "ts": "2026-02-20T05:47:45.944393",
      "kind": "start",
      "message": "Chapter writing job started; 2 chapter(s) to write"
    },
    {
      "ts": "2026-02-20T05:47:45.944876",
      "kind": "step",
      "message": "Writing chapter 1",
      "chapter": 1
    },
    {
      "ts": "2026-02-20T05:47:45.945310",
      "kind": "chapter_fail",
      "message": "Chapter 1 failed: Project test-proj not found",
      "chapter": 1,
      "error": "Project test-proj not found\nTraceback (most recent call last):\n  File \"/home/runner/work/Million-Dollar-Book-Machine/Million-Dollar-Book-Machine/core/jobs.py\", line 517, in _run_write_chapters\n    raise RuntimeError(f\"Project {project_id} not found\")\nRuntimeError: Project test-proj not found\n"
    },
    {
      "ts": "2026-02-20T05:47:45.945588",
      "kind": "step",
      "message": "Writing chapter 2",
      "chapter": 2
    },
    {
      "ts": "2026-02-20T05:47:45.945977",
      "kind": "chapter_fail",
      "message": "Chapter 2 failed: Project test-proj not found",
      "chapter": 2,
      "error": "Project test-proj not found\nTraceback (most recent call last):\n  File \"/home/runner/work/Million-Dollar-Book-Machine/Million-Dollar-Book-Machine/core/jobs.py\", line 517, in _run_write_chapters\n    raise RuntimeError(f\"Project {project_id} not found\")\nRuntimeError: Project test-proj not found\n"
    },
    {
      "ts": "2026-02-20T05:47:45.946207",
      "kind": "error",
      "message": "2 chapter(s) failed, 2 chapter(s) remaining."
    }
  ],
  "cancel_requested": false,
  "resumed_from_job_id": null
}